# JRE version: OpenJDK Runtime Environment (21.0.8) (build 21.0.8+-14196175-b1038.72)
# Java VM: OpenJDK 64-Bit Server VM (21.0.8+-14196175-b1038.72, mixed mode, tiered, compressed oops, compressed class ptrs, g1 gc, windows-amd64)
GC Precious Log:
 CardTable entry size: 512
 Card Set container configuration: InlinePtr #cards 5 size 8 Array Of Cards #cards 12 size 40 Howl #buckets 4 coarsen threshold 1843 Howl Bitmap #cards 512 size 80 coarsen threshold 460 Card regions per heap region 1 cards per card region 2048
 CPUs: 12 total, 12 available
 Memory: 7488M
 Large Page Support: Disabled
 NUMA Support: Disabled
 Compressed Oops: Enabled (32-bit)
 Heap Region Size: 1M
 Heap Min Capacity: 8M
 Heap Initial Capacity: 118M
 Heap Max Capacity: 2G
 Pre-touch: Disabled
 Parallel Workers: 10
 Concurrent Workers: 3
 Concurrent Refinement Workers: 10
 Periodic GC: Disabled
Heap:
 garbage-first heap   total 403456K, used 276117K [0x0000000080000000, 0x0000000100000000)
  region size 1024K, 46 young (47104K), 3 survivors (3072K)
 Metaspace       used 220091K, committed 222912K, reserved 1245184K
  class space    used 28838K, committed 30208K, reserved 1048576K
GC Heap History (20 events):
Event: 148.342 GC heap before
{Heap before GC invocations=46 (full 0):
 garbage-first heap   total 380928K, used 343957K [0x0000000080000000, 0x0000000100000000)
  region size 1024K, 115 young (117760K), 3 survivors (3072K)
 Metaspace       used 178400K, committed 180992K, reserved 1245184K
  class space    used 23068K, committed 24320K, reserved 1048576K
}
Event: 148.356 GC heap after
{Heap after GC invocations=47 (full 0):
 garbage-first heap   total 380928K, used 235730K [0x0000000080000000, 0x0000000100000000)
  region size 1024K, 15 young (15360K), 15 survivors (15360K)
 Metaspace       used 178400K, committed 180992K, reserved 1245184K
  class space    used 23068K, committed 24320K, reserved 1048576K
}
Event: 148.920 GC heap before
{Heap before GC invocations=47 (full 0):
 garbage-first heap   total 380928K, used 270546K [0x0000000080000000, 0x0000000100000000)
  region size 1024K, 50 young (51200K), 15 survivors (15360K)
 Metaspace       used 181126K, committed 183680K, reserved 1245184K
  class space    used 23450K, committed 24704K, reserved 1048576K
}
Event: 148.936 GC heap after
{Heap after GC invocations=48 (full 0):
 garbage-first heap   total 380928K, used 238565K [0x0000000080000000, 0x0000000100000000)
  region size 1024K, 3 young (3072K), 3 survivors (3072K)
 Metaspace       used 181126K, committed 183680K, reserved 1245184K
  class space    used 23450K, committed 24704K, reserved 1048576K
}
Event: 150.800 GC heap before
{Heap before GC invocations=49 (full 0):
 garbage-first heap   total 401408K, used 350181K [0x0000000080000000, 0x0000000100000000)
  region size 1024K, 112 young (114688K), 3 survivors (3072K)
 Metaspace       used 189247K, committed 191872K, reserved 1245184K
  class space    used 24742K, committed 26048K, reserved 1048576K
}
Event: 150.806 GC heap after
{Heap after GC invocations=50 (full 0):
 garbage-first heap   total 401408K, used 234391K [0x0000000080000000, 0x0000000100000000)
  region size 1024K, 6 young (6144K), 6 survivors (6144K)
 Metaspace       used 189247K, committed 191872K, reserved 1245184K
  class space    used 24742K, committed 26048K, reserved 1048576K
}
Event: 152.459 GC heap before
{Heap before GC invocations=50 (full 0):
 garbage-first heap   total 401408K, used 375703K [0x0000000080000000, 0x0000000100000000)
  region size 1024K, 138 young (141312K), 6 survivors (6144K)
 Metaspace       used 195993K, committed 198784K, reserved 1245184K
  class space    used 25590K, committed 26944K, reserved 1048576K
}
Event: 152.478 GC heap after
{Heap after GC invocations=51 (full 0):
 garbage-first heap   total 401408K, used 241988K [0x0000000080000000, 0x0000000100000000)
  region size 1024K, 16 young (16384K), 16 survivors (16384K)
 Metaspace       used 195993K, committed 198784K, reserved 1245184K
  class space    used 25590K, committed 26944K, reserved 1048576K
}
Event: 153.258 GC heap before
{Heap before GC invocations=51 (full 0):
 garbage-first heap   total 401408K, used 362820K [0x0000000080000000, 0x0000000100000000)
  region size 1024K, 134 young (137216K), 16 survivors (16384K)
 Metaspace       used 195994K, committed 198784K, reserved 1245184K
  class space    used 25590K, committed 26944K, reserved 1048576K
}
Event: 153.281 GC heap after
{Heap after GC invocations=52 (full 0):
 garbage-first heap   total 401408K, used 245936K [0x0000000080000000, 0x0000000100000000)
  region size 1024K, 7 young (7168K), 7 survivors (7168K)
 Metaspace       used 195994K, committed 198784K, reserved 1245184K
  class space    used 25590K, committed 26944K, reserved 1048576K
}
Event: 154.741 GC heap before
{Heap before GC invocations=53 (full 0):
 garbage-first heap   total 403456K, used 373936K [0x0000000080000000, 0x0000000100000000)
  region size 1024K, 130 young (133120K), 7 survivors (7168K)
 Metaspace       used 196256K, committed 199040K, reserved 1245184K
  class space    used 25611K, committed 26944K, reserved 1048576K
}
Event: 154.748 GC heap after
{Heap after GC invocations=54 (full 0):
 garbage-first heap   total 403456K, used 243093K [0x0000000080000000, 0x0000000100000000)
  region size 1024K, 10 young (10240K), 10 survivors (10240K)
 Metaspace       used 196256K, committed 199040K, reserved 1245184K
  class space    used 25611K, committed 26944K, reserved 1048576K
}
Event: 158.917 GC heap before
{Heap before GC invocations=54 (full 0):
 garbage-first heap   total 403456K, used 371093K [0x0000000080000000, 0x0000000100000000)
  region size 1024K, 134 young (137216K), 10 survivors (10240K)
 Metaspace       used 207884K, committed 210688K, reserved 1245184K
  class space    used 27194K, committed 28544K, reserved 1048576K
}
Event: 158.934 GC heap after
{Heap after GC invocations=55 (full 0):
 garbage-first heap   total 403456K, used 236449K [0x0000000080000000, 0x0000000100000000)
  region size 1024K, 15 young (15360K), 15 survivors (15360K)
 Metaspace       used 207884K, committed 210688K, reserved 1245184K
  class space    used 27194K, committed 28544K, reserved 1048576K
}
Event: 160.068 GC heap before
{Heap before GC invocations=55 (full 0):
 garbage-first heap   total 403456K, used 282529K [0x0000000080000000, 0x0000000100000000)
  region size 1024K, 61 young (62464K), 15 survivors (15360K)
 Metaspace       used 211754K, committed 214592K, reserved 1245184K
  class space    used 27793K, committed 29184K, reserved 1048576K
}
Event: 160.087 GC heap after
{Heap after GC invocations=56 (full 0):
 garbage-first heap   total 403456K, used 237799K [0x0000000080000000, 0x0000000100000000)
  region size 1024K, 9 young (9216K), 9 survivors (9216K)
 Metaspace       used 211754K, committed 214592K, reserved 1245184K
  class space    used 27793K, committed 29184K, reserved 1048576K
}
Event: 161.253 GC heap before
{Heap before GC invocations=57 (full 0):
 garbage-first heap   total 403456K, used 373991K [0x0000000080000000, 0x0000000100000000)
  region size 1024K, 140 young (143360K), 9 survivors (9216K)
 Metaspace       used 212206K, committed 214976K, reserved 1245184K
  class space    used 27818K, committed 29184K, reserved 1048576K
}
Event: 161.262 GC heap after
{Heap after GC invocations=58 (full 0):
 garbage-first heap   total 403456K, used 242681K [0x0000000080000000, 0x0000000100000000)
  region size 1024K, 11 young (11264K), 11 survivors (11264K)
 Metaspace       used 212206K, committed 214976K, reserved 1245184K
  class space    used 27818K, committed 29184K, reserved 1048576K
}
Event: 162.743 GC heap before
{Heap before GC invocations=58 (full 0):
 garbage-first heap   total 403456K, used 370681K [0x0000000080000000, 0x0000000100000000)
  region size 1024K, 136 young (139264K), 11 survivors (11264K)
 Metaspace       used 213141K, committed 215872K, reserved 1245184K
  class space    used 27934K, committed 29248K, reserved 1048576K
}
Event: 162.771 GC heap after
{Heap after GC invocations=59 (full 0):
 garbage-first heap   total 403456K, used 234133K [0x0000000080000000, 0x0000000100000000)
  region size 1024K, 3 young (3072K), 3 survivors (3072K)
 Metaspace       used 213141K, committed 215872K, reserved 1245184K
  class space    used 27934K, committed 29248K, reserved 1048576K
}

